Compiling  fn_fo_fprint ............
Compiling  fo_exg_con_lib ..................

Pro*C/C++: Release 19.0.0.0.0 - Production on Fri Aug 4 15:48:17 2023
Version 19.18.0.0.0

Copyright (c) 1982, 2023, Oracle and/or its affiliates.  All rights reserved.

System default option values taken from: /tuxdata/op_sbtg/tuxedo12/oraclnt19c//precomp/admin/pcscfg.cfg

Compiling  fo_exg_msgs ..................

Pro*C/C++: Release 19.0.0.0.0 - Production on Fri Aug 4 15:48:19 2023
Version 19.18.0.0.0

Copyright (c) 1982, 2023, Oracle and/or its affiliates.  All rights reserved.

System default option values taken from: /tuxdata/op_sbtg/tuxedo12/oraclnt19c//precomp/admin/pcscfg.cfg

Compiling  fo_exch_smltr_lib ..................

Pro*C/C++: Release 19.0.0.0.0 - Production on Fri Aug 4 15:48:20 2023
Version 19.18.0.0.0

Copyright (c) 1982, 2023, Oracle and/or its affiliates.  All rights reserved.

System default option values taken from: /tuxdata/op_sbtg/tuxedo12/oraclnt19c//precomp/admin/pcscfg.cfg

Compiling  fn_ors_rms ..................

Pro*C/C++: Release 19.0.0.0.0 - Production on Fri Aug 4 15:48:21 2023
Version 19.18.0.0.0

Copyright (c) 1982, 2023, Oracle and/or its affiliates.  All rights reserved.

System default option values taken from: /tuxdata/op_sbtg/tuxedo12/oraclnt19c//precomp/admin/pcscfg.cfg

Compiling  fo_brd_server ............
Compiling  fn_mrgn_shrtfll_sms_mail ..................

Pro*C/C++: Release 19.0.0.0.0 - Production on Fri Aug 4 15:48:23 2023
Version 19.18.0.0.0

Copyright (c) 1982, 2023, Oracle and/or its affiliates.  All rights reserved.

System default option values taken from: /tuxdata/op_sbtg/tuxedo12/oraclnt19c//precomp/admin/pcscfg.cfg

Compiling  fn_mrgplg_sms_mail ..................

Pro*C/C++: Release 19.0.0.0.0 - Production on Fri Aug 4 15:48:23 2023
Version 19.18.0.0.0

Copyright (c) 1982, 2023, Oracle and/or its affiliates.  All rights reserved.

System default option values taken from: /tuxdata/op_sbtg/tuxedo12/oraclnt19c//precomp/admin/pcscfg.cfg

Compiling  fo_exg_esr_lib ..................

Pro*C/C++: Release 19.0.0.0.0 - Production on Fri Aug 4 15:48:24 2023
Version 19.18.0.0.0

Copyright (c) 1982, 2023, Oracle and/or its affiliates.  All rights reserved.

System default option values taken from: /tuxdata/op_sbtg/tuxedo12/oraclnt19c//precomp/admin/pcscfg.cfg

Compiling  fn_igain_process_lib ..................

Pro*C/C++: Release 19.0.0.0.0 - Production on Fri Aug 4 15:48:24 2023
Version 19.18.0.0.0

Copyright (c) 1982, 2023, Oracle and/or its affiliates.  All rights reserved.

System default option values taken from: /tuxdata/op_sbtg/tuxedo12/oraclnt19c//precomp/admin/pcscfg.cfg

Compiling  fn_fno_sleep ............
Compiling  fo_exg_brd_lib ..................

Pro*C/C++: Release 19.0.0.0.0 - Production on Fri Aug 4 15:48:26 2023
Version 19.18.0.0.0

Copyright (c) 1982, 2023, Oracle and/or its affiliates.  All rights reserved.

System default option values taken from: /tuxdata/op_sbtg/tuxedo12/oraclnt19c//precomp/admin/pcscfg.cfg

Compiling  fn_sltp_neglmt ..................

Pro*C/C++: Release 19.0.0.0.0 - Production on Fri Aug 4 15:48:28 2023
Version 19.18.0.0.0

Copyright (c) 1982, 2023, Oracle and/or its affiliates.  All rights reserved.

System default option values taken from: /tuxdata/op_sbtg/tuxedo12/oraclnt19c//precomp/admin/pcscfg.cfg

Compiling  fo_get_records ..................

Pro*C/C++: Release 19.0.0.0.0 - Production on Fri Aug 4 15:48:28 2023
Version 19.18.0.0.0

Copyright (c) 1982, 2023, Oracle and/or its affiliates.  All rights reserved.

System default option values taken from: /tuxdata/op_sbtg/tuxedo12/oraclnt19c//precomp/admin/pcscfg.cfg

Compiling  fo_bodspn_server ............
Compiling  fn_val_ord ..................

Pro*C/C++: Release 19.0.0.0.0 - Production on Fri Aug 4 15:48:31 2023
Version 19.18.0.0.0

Copyright (c) 1982, 2023, Oracle and/or its affiliates.  All rights reserved.

System default option values taken from: /tuxdata/op_sbtg/tuxedo12/oraclnt19c//precomp/admin/pcscfg.cfg

Compiling  fo_bse_spnrcv_lib ..................

Pro*C/C++: Release 19.0.0.0.0 - Production on Fri Aug 4 15:48:33 2023
Version 19.18.0.0.0

Copyright (c) 1982, 2023, Oracle and/or its affiliates.  All rights reserved.

System default option values taken from: /tuxdata/op_sbtg/tuxedo12/oraclnt19c//precomp/admin/pcscfg.cfg

In file included from /tuxdata/Agam/Aix/webtrade/temp/fo_bse_spnrcv_lib.c:335:
/tuxdata/Agam/Aix//include/fn_pos.h:249:28: warning: ‘struct vw_cntopt_pos’ declared inside parameter list will not be visible outside of this definition or declaration
                     struct vw_cntopt_pos st_cntopt_pos_to_be,
                            ^~~~~~~~~~~~~
Compiling  fo_exg_rcv_lib ..................

Pro*C/C++: Release 19.0.0.0.0 - Production on Fri Aug 4 15:48:39 2023
Version 19.18.0.0.0

Copyright (c) 1982, 2023, Oracle and/or its affiliates.  All rights reserved.

System default option values taken from: /tuxdata/op_sbtg/tuxedo12/oraclnt19c//precomp/admin/pcscfg.cfg

Compiling  fo_spn_rcv_lib ..................

Pro*C/C++: Release 19.0.0.0.0 - Production on Fri Aug 4 15:48:43 2023
Version 19.18.0.0.0

Copyright (c) 1982, 2023, Oracle and/or its affiliates.  All rights reserved.

System default option values taken from: /tuxdata/op_sbtg/tuxedo12/oraclnt19c//precomp/admin/pcscfg.cfg

Compiling  fo_bse_rcv_lib ..................

Pro*C/C++: Release 19.0.0.0.0 - Production on Fri Aug 4 15:48:48 2023
Version 19.18.0.0.0

Copyright (c) 1982, 2023, Oracle and/or its affiliates.  All rights reserved.

System default option values taken from: /tuxdata/op_sbtg/tuxedo12/oraclnt19c//precomp/admin/pcscfg.cfg

Compiling  fn_session ..................

Pro*C/C++: Release 19.0.0.0.0 - Production on Fri Aug 4 15:48:51 2023
Version 19.18.0.0.0

Copyright (c) 1982, 2023, Oracle and/or its affiliates.  All rights reserved.

System default option values taken from: /tuxdata/op_sbtg/tuxedo12/oraclnt19c//precomp/admin/pcscfg.cfg

Compiling  fn_send_bnk_msg ..................

Pro*C/C++: Release 19.0.0.0.0 - Production on Fri Aug 4 15:48:52 2023
Version 19.18.0.0.0

Copyright (c) 1982, 2023, Oracle and/or its affiliates.  All rights reserved.

System default option values taken from: /tuxdata/op_sbtg/tuxedo12/oraclnt19c//precomp/admin/pcscfg.cfg

Compiling  fo_exg_pack_lib ..................

Pro*C/C++: Release 19.0.0.0.0 - Production on Fri Aug 4 15:48:54 2023
Version 19.18.0.0.0

Copyright (c) 1982, 2023, Oracle and/or its affiliates.  All rights reserved.

System default option values taken from: /tuxdata/op_sbtg/tuxedo12/oraclnt19c//precomp/admin/pcscfg.cfg

Compiling  fn_pos ..................

Pro*C/C++: Release 19.0.0.0.0 - Production on Fri Aug 4 15:48:55 2023
Version 19.18.0.0.0

Copyright (c) 1982, 2023, Oracle and/or its affiliates.  All rights reserved.

System default option values taken from: /tuxdata/op_sbtg/tuxedo12/oraclnt19c//precomp/admin/pcscfg.cfg

Compiling  fn_span_lib ..................

Pro*C/C++: Release 19.0.0.0.0 - Production on Fri Aug 4 15:49:06 2023
Version 19.18.0.0.0

Copyright (c) 1982, 2023, Oracle and/or its affiliates.  All rights reserved.

System default option values taken from: /tuxdata/op_sbtg/tuxedo12/oraclnt19c//precomp/admin/pcscfg.cfg

In file included from /tuxdata/Agam/Aix/webtrade/temp/fn_span_lib.c:760:
/tuxdata/Agam/Aix//include/fn_pos.h:249:28: warning: ‘struct vw_cntopt_pos’ declared inside parameter list will not be visible outside of this definition or declaration
                     struct vw_cntopt_pos st_cntopt_pos_to_be,
                            ^~~~~~~~~~~~~
