[36mINFO[0m[2024-09-10 13:23:38] [main] Program main starts                   
[36mINFO[0m[2024-09-10 13:23:38] [main] [LoadPostgreSQLConfig] PostgreSQL configuration loaded successfully 
[36mINFO[0m[2024-09-10 13:23:38] [main] [GetDatabaseConnection] Setting up the database connection 
[36mINFO[0m[2024-09-10 13:23:38] [main] [GetDatabaseConnection] Database connection established successfully 
[36mINFO[0m[2024-09-10 13:23:38] [main] [GetDB] Returning the Database instance 
[36mINFO[0m[2024-09-10 13:23:38] [cln_pack_clnt]   [Fn_bat_init] Entering Fn_bat_init 
[36mINFO[0m[2024-09-10 13:23:38] [cln_pack_clnt]  [Fn_bat_init] Created Message Queue SuccessFully 
[36mINFO[0m[2024-09-10 13:23:38] [cln_pack_clnt]  [Fn_bat_init] Copied pipe ID from args[3]: P1 
[36mINFO[0m[2024-09-10 13:23:38] [cln_pack_clnt]  [Fn_bat_init] Executing query to fetch exchange code with pipe ID: P1 
[36mINFO[0m[2024-09-10 13:23:38] [cln_pack_clnt]  [Fn_bat_init] Exchange code fetched: NFO        
[36mINFO[0m[2024-09-10 13:23:38] [cln_pack_clnt]  [Fn_bat_init] Executing query to fetch trader and branch ID with exchange code: NFO        and pipe ID: P1 
[36mINFO[0m[2024-09-10 13:23:38] [cln_pack_clnt]  [Fn_bat_init] fetched trader ID: 1234 and branch ID : 101 
[36mINFO[0m[2024-09-10 13:23:38] [cln_pack_clnt]  [Fn_bat_init] Fetching trade date and broker ID with exchange code: NFO        
[36mINFO[0m[2024-09-10 13:23:38] [cln_pack_clnt]  [Fn_bat_init] Fetched trade date : 2024-08-10 and broker ID : BRK1001 
[36mINFO[0m[2024-09-10 13:23:38] [cln_pack_clnt]  [Fn_bat_init] L_ord_seq initialized to 0 
[36mINFO[0m[2024-09-10 13:23:38] [cln_pack_clnt]  [Fn_bat_init] Fetched and converted 'PACK_VAL' from configuration: 10 
[36mINFO[0m[2024-09-10 13:23:38] [cln_pack_clnt]  [CLN_PACK_CLNT] Entering CLN_PACK_CLNT 
[36mINFO[0m[2024-09-10 13:23:38] [main] [GetDB] Returning the Database instance 
[36mINFO[0m[2024-09-10 13:23:38] [cln_pack_clnt] [PingDatabase] Database ping successful 
[36mINFO[0m[2024-09-10 13:23:38] [cln_pack_clnt] [FnBeginTran] Transaction started (LOCAL) 
[36mINFO[0m[2024-09-10 13:23:38] [cln_pack_clnt]  [CLN_PACK_CLNT] Transaction started with type: 1 
[36mINFO[0m[2024-09-10 13:23:38] [cln_pack_clnt]  [fnGetNxtRec] Entering fnGetNxtRec 
[36mINFO[0m[2024-09-10 13:23:38] [cln_pack_clnt] [fnSeqToOmd] Entering fnSeqToOmd 
[36mINFO[0m[2024-09-10 13:23:38] [cln_pack_clnt] [fnSeqToOmd] Before extracting the data from the 'fxb_ordr_rfrnc' and storing it in the 'Xchngbook' structure 
[36mINFO[0m[2024-09-10 13:23:38] [cln_pack_clnt] [fnSeqToOmd] Executing query to fetch order details 
[36mINFO[0m[2024-09-10 13:23:38] [cln_pack_clnt] [fnSeqToOmd] C_xchng_cd: NFO        
[36mINFO[0m[2024-09-10 13:23:38] [cln_pack_clnt] [fnSeqToOmd] C_pipe_id: P1   
[36mINFO[0m[2024-09-10 13:23:38] [cln_pack_clnt] [fnSeqToOmd] C_mod_trd_dt: 2024-08-10 
[31mERRO[0m[2024-09-10 13:23:38] [cln_pack_clnt] [fnSeqToOmd] [Error: Error scanning row: sql: no rows in result set 
[36mINFO[0m[2024-09-10 13:23:38] [cln_pack_clnt] [fnSeqToOmd] Exiting fnSeqToOmd with error 
[31mERRO[0m[2024-09-10 13:23:38] [cln_pack_clnt]  [fnGetNxtRec] [Error: Failed to fetch data into eXchngbook structure 
[31mERRO[0m[2024-09-10 13:23:38] [cln_pack_clnt]  [CLN_PACK_CLNT] [Error: failed in getting the next record returning with result code: -1 
[36mINFO[0m[2024-09-10 13:23:38] [cln_pack_clnt] [FnAbortTran] Transaction aborted 
[36mINFO[0m[2024-09-10 13:23:38] [cln_pack_clnt]  [CLN_PACK_CLNT] Exiting CLN_PACK_CLNT with error 
[31mERRO[0m[2024-09-10 13:23:38] [cln_pack_clnt]  [Fn_bat_init] [Error: CLN_PACK_CLNT failed with result code: -1 
[36mINFO[0m[2024-09-10 13:23:38] [cln_pack_clnt]  [Fn_bat_init] [Error: Returning to main from fn_bat_init 
[36mINFO[0m[2024-09-10 13:23:38] [main]  Fn_bat_init failed with result code: -1 
[31mFATA[0m[2024-09-10 13:23:38] Shutting down due to error in main: result code -1 
[36mINFO[0m[2024-09-10 13:25:11] [main] Program main starts                   
[36mINFO[0m[2024-09-10 13:25:11] [main] [LoadPostgreSQLConfig] PostgreSQL configuration loaded successfully 
[36mINFO[0m[2024-09-10 13:25:11] [main] [GetDatabaseConnection] Setting up the database connection 
[36mINFO[0m[2024-09-10 13:25:11] [main] [GetDatabaseConnection] Database connection established successfully 
[36mINFO[0m[2024-09-10 13:25:11] [main] [GetDB] Returning the Database instance 
[36mINFO[0m[2024-09-10 13:25:11] [cln_pack_clnt]   [Fn_bat_init] Entering Fn_bat_init 
[36mINFO[0m[2024-09-10 13:25:11] [cln_pack_clnt]  [Fn_bat_init] Created Message Queue SuccessFully 
[36mINFO[0m[2024-09-10 13:25:11] [cln_pack_clnt]  [Fn_bat_init] Copied pipe ID from args[3]: P1 
[36mINFO[0m[2024-09-10 13:25:11] [cln_pack_clnt]  [Fn_bat_init] Executing query to fetch exchange code with pipe ID: P1 
[36mINFO[0m[2024-09-10 13:25:11] [cln_pack_clnt]  [Fn_bat_init] Exchange code fetched: NFO        
[36mINFO[0m[2024-09-10 13:25:11] [cln_pack_clnt]  [Fn_bat_init] Executing query to fetch trader and branch ID with exchange code: NFO        and pipe ID: P1 
[36mINFO[0m[2024-09-10 13:25:11] [cln_pack_clnt]  [Fn_bat_init] fetched trader ID: 1234 and branch ID : 101 
[36mINFO[0m[2024-09-10 13:25:11] [cln_pack_clnt]  [Fn_bat_init] Fetching trade date and broker ID with exchange code: NFO        
[36mINFO[0m[2024-09-10 13:25:11] [cln_pack_clnt]  [Fn_bat_init] Fetched trade date : 2024-08-10 and broker ID : BRK1001 
[36mINFO[0m[2024-09-10 13:25:11] [cln_pack_clnt]  [Fn_bat_init] L_ord_seq initialized to 0 
[36mINFO[0m[2024-09-10 13:25:11] [cln_pack_clnt]  [Fn_bat_init] Fetched and converted 'PACK_VAL' from configuration: 10 
[36mINFO[0m[2024-09-10 13:25:11] [cln_pack_clnt]  [CLN_PACK_CLNT] Entering CLN_PACK_CLNT 
[36mINFO[0m[2024-09-10 13:25:11] [main] [GetDB] Returning the Database instance 
[36mINFO[0m[2024-09-10 13:25:11] [cln_pack_clnt] [PingDatabase] Database ping successful 
[36mINFO[0m[2024-09-10 13:25:11] [cln_pack_clnt] [FnBeginTran] Transaction started (LOCAL) 
[36mINFO[0m[2024-09-10 13:25:11] [cln_pack_clnt]  [CLN_PACK_CLNT] Transaction started with type: 1 
[36mINFO[0m[2024-09-10 13:25:11] [cln_pack_clnt]  [fnGetNxtRec] Entering fnGetNxtRec 
[36mINFO[0m[2024-09-10 13:25:11] [cln_pack_clnt] [fnSeqToOmd] Entering fnSeqToOmd 
[36mINFO[0m[2024-09-10 13:25:11] [cln_pack_clnt] [fnSeqToOmd] Before extracting the data from the 'fxb_ordr_rfrnc' and storing it in the 'Xchngbook' structure 
[36mINFO[0m[2024-09-10 13:25:11] [cln_pack_clnt] [fnSeqToOmd] Executing query to fetch order details 
[36mINFO[0m[2024-09-10 13:25:11] [cln_pack_clnt] [fnSeqToOmd] C_xchng_cd: NFO        
[36mINFO[0m[2024-09-10 13:25:11] [cln_pack_clnt] [fnSeqToOmd] C_pipe_id: P1   
[36mINFO[0m[2024-09-10 13:25:11] [cln_pack_clnt] [fnSeqToOmd] C_mod_trd_dt: 2024-08-10 
[31mERRO[0m[2024-09-10 13:25:11] [cln_pack_clnt] [fnSeqToOmd] [Error: Error scanning row: sql: no rows in result set 
[36mINFO[0m[2024-09-10 13:25:11] [cln_pack_clnt] [fnSeqToOmd] Exiting fnSeqToOmd with error 
[31mERRO[0m[2024-09-10 13:25:11] [cln_pack_clnt]  [fnGetNxtRec] [Error: Failed to fetch data into eXchngbook structure 
[31mERRO[0m[2024-09-10 13:25:11] [cln_pack_clnt]  [CLN_PACK_CLNT] [Error: failed in getting the next record returning with result code: -1 
[36mINFO[0m[2024-09-10 13:25:11] [cln_pack_clnt] [FnAbortTran] Transaction aborted 
[36mINFO[0m[2024-09-10 13:25:11] [cln_pack_clnt]  [CLN_PACK_CLNT] Exiting CLN_PACK_CLNT with error 
[31mERRO[0m[2024-09-10 13:25:11] [cln_pack_clnt]  [Fn_bat_init] [Error: CLN_PACK_CLNT failed with result code: -1 
[36mINFO[0m[2024-09-10 13:25:11] [cln_pack_clnt]  [Fn_bat_init] [Error: Returning to main from fn_bat_init 
[36mINFO[0m[2024-09-10 13:25:11] [main]  Fn_bat_init failed with result code: -1 
[31mFATA[0m[2024-09-10 13:25:11] [Fatal: Shutting down due to error in main: result code -1 
