Compiling  sfo_1clk_dtls ..................

Pro*C/C++: Release 19.0.0.0.0 - Production on Thu Aug 3 16:07:54 2023
Version 19.18.0.0.0

Copyright (c) 1982, 2023, Oracle and/or its affiliates.  All rights reserved.

System default option values taken from: /tuxdata/op_sbtg/tuxedo12/oraclnt19c//precomp/admin/pcscfg.cfg

Compiling  sfo_1clk_leg ..................

Pro*C/C++: Release 19.0.0.0.0 - Production on Thu Aug 3 16:07:56 2023
Version 19.18.0.0.0

Copyright (c) 1982, 2023, Oracle and/or its affiliates.  All rights reserved.

System default option values taken from: /tuxdata/op_sbtg/tuxedo12/oraclnt19c//precomp/admin/pcscfg.cfg

Compiling  sfo_1clk_ordbk ..................

Pro*C/C++: Release 19.0.0.0.0 - Production on Thu Aug 3 16:07:57 2023
Version 19.18.0.0.0

Copyright (c) 1982, 2023, Oracle and/or its affiliates.  All rights reserved.

System default option values taken from: /tuxdata/op_sbtg/tuxedo12/oraclnt19c//precomp/admin/pcscfg.cfg

Compiling  sfo_1clkprf_rp ..................

Pro*C/C++: Release 19.0.0.0.0 - Production on Thu Aug 3 16:08:01 2023
Version 19.18.0.0.0

Copyright (c) 1982, 2023, Oracle and/or its affiliates.  All rights reserved.

System default option values taken from: /tuxdata/op_sbtg/tuxedo12/oraclnt19c//precomp/admin/pcscfg.cfg

Compiling  sfo_abt_plc_ord ..................

Pro*C/C++: Release 19.0.0.0.0 - Production on Thu Aug 3 16:08:02 2023
Version 19.18.0.0.0

Copyright (c) 1982, 2023, Oracle and/or its affiliates.  All rights reserved.

System default option values taken from: /tuxdata/op_sbtg/tuxedo12/oraclnt19c//precomp/admin/pcscfg.cfg

Compiling  sfo_ac_to_ord ..................

Pro*C/C++: Release 19.0.0.0.0 - Production on Thu Aug 3 16:08:02 2023
Version 19.18.0.0.0

Copyright (c) 1982, 2023, Oracle and/or its affiliates.  All rights reserved.

System default option values taken from: /tuxdata/op_sbtg/tuxedo12/oraclnt19c//precomp/admin/pcscfg.cfg

Compiling  sfo_ack_to_exrq ..................

Pro*C/C++: Release 19.0.0.0.0 - Production on Thu Aug 3 16:08:03 2023
Version 19.18.0.0.0

Copyright (c) 1982, 2023, Oracle and/or its affiliates.  All rights reserved.

System default option values taken from: /tuxdata/op_sbtg/tuxedo12/oraclnt19c//precomp/admin/pcscfg.cfg

Compiling  sfo_ack_to_ord ..................

Pro*C/C++: Release 19.0.0.0.0 - Production on Thu Aug 3 16:08:03 2023
Version 19.18.0.0.0

Copyright (c) 1982, 2023, Oracle and/or its affiliates.  All rights reserved.

System default option values taken from: /tuxdata/op_sbtg/tuxedo12/oraclnt19c//precomp/admin/pcscfg.cfg

Compiling  sfo_add_omrgn ..................

Pro*C/C++: Release 19.0.0.0.0 - Production on Thu Aug 3 16:08:04 2023
Version 19.18.0.0.0

Copyright (c) 1982, 2023, Oracle and/or its affiliates.  All rights reserved.

System default option values taken from: /tuxdata/op_sbtg/tuxedo12/oraclnt19c//precomp/admin/pcscfg.cfg

In file included from /tuxdata/Agam/Aix//include/fn_pos.h:27,
                 from /tuxdata/Agam/Aix/webtrade/temp/sfo_add_omrgn.c:229:
/tuxdata/Agam/Aix//include/fo_view_def.h:3:8: error: redefinition of ‘struct vw_contract’
 struct vw_contract {
        ^~~~~~~~~~~
In file included from /tuxdata/Agam/Aix/webtrade/temp/sfo_add_omrgn.c:223:
/tuxdata/Agam/Aix//include/fo_view_def.h:2:8: note: originally defined here
 struct vw_contract {
        ^~~~~~~~~~~
In file included from /tuxdata/Agam/Aix//include/fn_pos.h:27,
                 from /tuxdata/Agam/Aix/webtrade/temp/sfo_add_omrgn.c:229:
/tuxdata/Agam/Aix//include/fo_view_def.h:19:8: error: redefinition of ‘struct vw_cntrct_qt’
 struct vw_cntrct_qt {
        ^~~~~~~~~~~~
In file included from /tuxdata/Agam/Aix/webtrade/temp/sfo_add_omrgn.c:223:
/tuxdata/Agam/Aix//include/fo_view_def.h:18:8: note: originally defined here
 struct vw_cntrct_qt {
        ^~~~~~~~~~~~
In file included from /tuxdata/Agam/Aix//include/fn_pos.h:27,
                 from /tuxdata/Agam/Aix/webtrade/temp/sfo_add_omrgn.c:229:
/tuxdata/Agam/Aix//include/fo_view_def.h:62:8: error: redefinition of ‘struct vw_cntrctlong_qt’
 struct vw_cntrctlong_qt {
        ^~~~~~~~~~~~~~~~
In file included from /tuxdata/Agam/Aix/webtrade/temp/sfo_add_omrgn.c:223:
/tuxdata/Agam/Aix//include/fo_view_def.h:61:8: note: originally defined here
 struct vw_cntrctlong_qt {
        ^~~~~~~~~~~~~~~~
In file included from /tuxdata/Agam/Aix//include/fn_pos.h:27,
                 from /tuxdata/Agam/Aix/webtrade/temp/sfo_add_omrgn.c:229:
/tuxdata/Agam/Aix//include/fo_view_def.h:92:8: error: redefinition of ‘struct vw_cntrt_gen_inf’
 struct vw_cntrt_gen_inf {
        ^~~~~~~~~~~~~~~~
In file included from /tuxdata/Agam/Aix/webtrade/temp/sfo_add_omrgn.c:223:
/tuxdata/Agam/Aix//include/fo_view_def.h:91:8: note: originally defined here
 struct vw_cntrt_gen_inf {
        ^~~~~~~~~~~~~~~~
In file included from /tuxdata/Agam/Aix//include/fn_pos.h:27,
                 from /tuxdata/Agam/Aix/webtrade/temp/sfo_add_omrgn.c:229:
/tuxdata/Agam/Aix//include/fo_view_def.h:122:8: error: redefinition of ‘struct vw_indx_qt’
 struct vw_indx_qt {
        ^~~~~~~~~~
In file included from /tuxdata/Agam/Aix/webtrade/temp/sfo_add_omrgn.c:223:
/tuxdata/Agam/Aix//include/fo_view_def.h:121:8: note: originally defined here
 struct vw_indx_qt {
        ^~~~~~~~~~
In file included from /tuxdata/Agam/Aix//include/fn_pos.h:27,
                 from /tuxdata/Agam/Aix/webtrade/temp/sfo_add_omrgn.c:229:
/tuxdata/Agam/Aix//include/fo_view_def.h:140:8: error: redefinition of ‘struct vw_undrlyng’
 struct vw_undrlyng {
        ^~~~~~~~~~~
In file included from /tuxdata/Agam/Aix/webtrade/temp/sfo_add_omrgn.c:223:
/tuxdata/Agam/Aix//include/fo_view_def.h:139:8: note: originally defined here
 struct vw_undrlyng {
        ^~~~~~~~~~~
In file included from /tuxdata/Agam/Aix//include/fn_pos.h:27,
                 from /tuxdata/Agam/Aix/webtrade/temp/sfo_add_omrgn.c:229:
/tuxdata/Agam/Aix//include/fo_view_def.h:155:8: error: redefinition of ‘struct vw_nse_cntrct’
 struct vw_nse_cntrct {
        ^~~~~~~~~~~~~
In file included from /tuxdata/Agam/Aix/webtrade/temp/sfo_add_omrgn.c:223:
/tuxdata/Agam/Aix//include/fo_view_def.h:154:8: note: originally defined here
 struct vw_nse_cntrct {
        ^~~~~~~~~~~~~
In file included from /tuxdata/Agam/Aix//include/fn_pos.h:27,
                 from /tuxdata/Agam/Aix/webtrade/temp/sfo_add_omrgn.c:229:
/tuxdata/Agam/Aix//include/fo_view_def.h:172:8: error: redefinition of ‘struct vw_mtch_cntrct’
 struct vw_mtch_cntrct {
        ^~~~~~~~~~~~~~
In file included from /tuxdata/Agam/Aix/webtrade/temp/sfo_add_omrgn.c:223:
/tuxdata/Agam/Aix//include/fo_view_def.h:171:8: note: originally defined here
 struct vw_mtch_cntrct {
        ^~~~~~~~~~~~~~
In file included from /tuxdata/Agam/Aix//include/fn_pos.h:27,
                 from /tuxdata/Agam/Aix/webtrade/temp/sfo_add_omrgn.c:229:
/tuxdata/Agam/Aix//include/fo_view_def.h:185:8: error: redefinition of ‘struct vw_err_msg’
 struct vw_err_msg {
        ^~~~~~~~~~
In file included from /tuxdata/Agam/Aix/webtrade/temp/sfo_add_omrgn.c:223:
/tuxdata/Agam/Aix//include/fo_view_def.h:184:8: note: originally defined here
 struct vw_err_msg {
        ^~~~~~~~~~
In file included from /tuxdata/Agam/Aix//include/fn_pos.h:27,
                 from /tuxdata/Agam/Aix/webtrade/temp/sfo_add_omrgn.c:229:
/tuxdata/Agam/Aix//include/fo_view_def.h:192:8: error: redefinition of ‘struct vw_usr_prfl’
 struct vw_usr_prfl {
        ^~~~~~~~~~~
In file included from /tuxdata/Agam/Aix/webtrade/temp/sfo_add_omrgn.c:223:
/tuxdata/Agam/Aix//include/fo_view_def.h:191:8: note: originally defined here
 struct vw_usr_prfl {
        ^~~~~~~~~~~
In file included from /tuxdata/Agam/Aix//include/fn_pos.h:27,
                 from /tuxdata/Agam/Aix/webtrade/temp/sfo_add_omrgn.c:229:
/tuxdata/Agam/Aix//include/fo_view_def.h:208:8: error: redefinition of ‘struct vw_order’
 struct vw_order {
        ^~~~~~~~
In file included from /tuxdata/Agam/Aix/webtrade/temp/sfo_add_omrgn.c:223:
/tuxdata/Agam/Aix//include/fo_view_def.h:207:8: note: originally defined here
 struct vw_order {
        ^~~~~~~~
In file included from /tuxdata/Agam/Aix//include/fn_pos.h:27,
                 from /tuxdata/Agam/Aix/webtrade/temp/sfo_add_omrgn.c:229:
/tuxdata/Agam/Aix//include/fo_view_def.h:235:8: error: redefinition of ‘struct vw_orderbook’
 struct vw_orderbook {
        ^~~~~~~~~~~~
In file included from /tuxdata/Agam/Aix/webtrade/temp/sfo_add_omrgn.c:223:
/tuxdata/Agam/Aix//include/fo_view_def.h:234:8: note: originally defined here
 struct vw_orderbook {
        ^~~~~~~~~~~~
In file included from /tuxdata/Agam/Aix//include/fn_pos.h:27,
                 from /tuxdata/Agam/Aix/webtrade/temp/sfo_add_omrgn.c:229:
/tuxdata/Agam/Aix//include/fo_view_def.h:291:8: error: redefinition of ‘struct vw_xchngbook’
 struct vw_xchngbook {
        ^~~~~~~~~~~~
In file included from /tuxdata/Agam/Aix/webtrade/temp/sfo_add_omrgn.c:223:
/tuxdata/Agam/Aix//include/fo_view_def.h:290:8: note: originally defined here
 struct vw_xchngbook {
        ^~~~~~~~~~~~
In file included from /tuxdata/Agam/Aix//include/fn_pos.h:27,
                 from /tuxdata/Agam/Aix/webtrade/temp/sfo_add_omrgn.c:229:
/tuxdata/Agam/Aix//include/fo_view_def.h:330:8: error: redefinition of ‘struct vw_exrc_req’
 struct vw_exrc_req {
        ^~~~~~~~~~~
In file included from /tuxdata/Agam/Aix/webtrade/temp/sfo_add_omrgn.c:223:
/tuxdata/Agam/Aix//include/fo_view_def.h:329:8: note: originally defined here
 struct vw_exrc_req {
        ^~~~~~~~~~~
In file included from /tuxdata/Agam/Aix//include/fn_pos.h:27,
                 from /tuxdata/Agam/Aix/webtrade/temp/sfo_add_omrgn.c:229:
/tuxdata/Agam/Aix//include/fo_view_def.h:344:8: error: redefinition of ‘struct vw_exrcbook’
 struct vw_exrcbook {
        ^~~~~~~~~~~
In file included from /tuxdata/Agam/Aix/webtrade/temp/sfo_add_omrgn.c:223:
/tuxdata/Agam/Aix//include/fo_view_def.h:343:8: note: originally defined here
 struct vw_exrcbook {
        ^~~~~~~~~~~
In file included from /tuxdata/Agam/Aix//include/fn_pos.h:27,
                 from /tuxdata/Agam/Aix/webtrade/temp/sfo_add_omrgn.c:229:
/tuxdata/Agam/Aix//include/fo_view_def.h:393:8: error: redefinition of ‘struct vw_tradebook’
 struct vw_tradebook {
        ^~~~~~~~~~~~
In file included from /tuxdata/Agam/Aix/webtrade/temp/sfo_add_omrgn.c:223:
/tuxdata/Agam/Aix//include/fo_view_def.h:392:8: note: originally defined here
 struct vw_tradebook {
        ^~~~~~~~~~~~
In file included from /tuxdata/Agam/Aix//include/fn_pos.h:27,
                 from /tuxdata/Agam/Aix/webtrade/temp/sfo_add_omrgn.c:229:
/tuxdata/Agam/Aix//include/fo_view_def.h:445:8: error: redefinition of ‘struct vw_sequence’
 struct vw_sequence {
        ^~~~~~~~~~~
In file included from /tuxdata/Agam/Aix/webtrade/temp/sfo_add_omrgn.c:223:
/tuxdata/Agam/Aix//include/fo_view_def.h:444:8: note: originally defined here
 struct vw_sequence {
        ^~~~~~~~~~~
In file included from /tuxdata/Agam/Aix//include/fn_pos.h:27,
                 from /tuxdata/Agam/Aix/webtrade/temp/sfo_add_omrgn.c:229:
/tuxdata/Agam/Aix//include/fo_view_def.h:454:8: error: redefinition of ‘struct vw_asgnmt’
 struct vw_asgnmt {
        ^~~~~~~~~
In file included from /tuxdata/Agam/Aix/webtrade/temp/sfo_add_omrgn.c:223:
/tuxdata/Agam/Aix//include/fo_view_def.h:453:8: note: originally defined here
 struct vw_asgnmt {
        ^~~~~~~~~
In file included from /tuxdata/Agam/Aix//include/fn_pos.h:27,
                 from /tuxdata/Agam/Aix/webtrade/temp/sfo_add_omrgn.c:229:
/tuxdata/Agam/Aix//include/fo_view_def.h:486:8: error: redefinition of ‘struct vw_usr_dtls’
 struct vw_usr_dtls {
        ^~~~~~~~~~~
In file included from /tuxdata/Agam/Aix/webtrade/temp/sfo_add_omrgn.c:223:
/tuxdata/Agam/Aix//include/fo_view_def.h:485:8: note: originally defined here
 struct vw_usr_dtls {
        ^~~~~~~~~~~
In file included from /tuxdata/Agam/Aix//include/fn_pos.h:27,
                 from /tuxdata/Agam/Aix/webtrade/temp/sfo_add_omrgn.c:229:
/tuxdata/Agam/Aix//include/fo_view_def.h:503:8: error: redefinition of ‘struct vw_pstn_actn’
 struct vw_pstn_actn {
        ^~~~~~~~~~~~
In file included from /tuxdata/Agam/Aix/webtrade/temp/sfo_add_omrgn.c:223:
/tuxdata/Agam/Aix//include/fo_view_def.h:502:8: note: originally defined here
 struct vw_pstn_actn {
        ^~~~~~~~~~~~
In file included from /tuxdata/Agam/Aix//include/fn_pos.h:27,
                 from /tuxdata/Agam/Aix/webtrade/temp/sfo_add_omrgn.c:229:
/tuxdata/Agam/Aix//include/fo_view_def.h:544:8: error: redefinition of ‘struct vw_xchngstts’
 struct vw_xchngstts {
        ^~~~~~~~~~~~
In file included from /tuxdata/Agam/Aix/webtrade/temp/sfo_add_omrgn.c:223:
/tuxdata/Agam/Aix//include/fo_view_def.h:543:8: note: originally defined here
 struct vw_xchngstts {
        ^~~~~~~~~~~~
In file included from /tuxdata/Agam/Aix//include/fn_pos.h:27,
                 from /tuxdata/Agam/Aix/webtrade/temp/sfo_add_omrgn.c:229:
/tuxdata/Agam/Aix//include/fo_view_def.h:563:8: error: redefinition of ‘struct vw_upd_limits’
 struct vw_upd_limits {
        ^~~~~~~~~~~~~
In file included from /tuxdata/Agam/Aix/webtrade/temp/sfo_add_omrgn.c:223:
/tuxdata/Agam/Aix//include/fo_view_def.h:562:8: note: originally defined here
 struct vw_upd_limits {
        ^~~~~~~~~~~~~
In file included from /tuxdata/Agam/Aix//include/fn_pos.h:27,
                 from /tuxdata/Agam/Aix/webtrade/temp/sfo_add_omrgn.c:229:
/tuxdata/Agam/Aix//include/fo_view_def.h:577:8: error: redefinition of ‘struct vw_gt_lmt_dtls’
 struct vw_gt_lmt_dtls {
        ^~~~~~~~~~~~~~
In file included from /tuxdata/Agam/Aix/webtrade/temp/sfo_add_omrgn.c:223:
/tuxdata/Agam/Aix//include/fo_view_def.h:576:8: note: originally defined here
 struct vw_gt_lmt_dtls {
        ^~~~~~~~~~~~~~
In file included from /tuxdata/Agam/Aix//include/fn_pos.h:27,
                 from /tuxdata/Agam/Aix/webtrade/temp/sfo_add_omrgn.c:229:
/tuxdata/Agam/Aix//include/fo_view_def.h:588:8: error: redefinition of ‘struct vw_mkt_msg’
 struct vw_mkt_msg {
        ^~~~~~~~~~
In file included from /tuxdata/Agam/Aix/webtrade/temp/sfo_add_omrgn.c:223:
/tuxdata/Agam/Aix//include/fo_view_def.h:587:8: note: originally defined here
 struct vw_mkt_msg {
        ^~~~~~~~~~
In file included from /tuxdata/Agam/Aix//include/fn_pos.h:27,
                 from /tuxdata/Agam/Aix/webtrade/temp/sfo_add_omrgn.c:229:
/tuxdata/Agam/Aix//include/fo_view_def.h:598:8: error: redefinition of ‘struct vw_fut_pos’
 struct vw_fut_pos {
        ^~~~~~~~~~
In file included from /tuxdata/Agam/Aix/webtrade/temp/sfo_add_omrgn.c:223:
/tuxdata/Agam/Aix//include/fo_view_def.h:597:8: note: originally defined here
 struct vw_fut_pos {
        ^~~~~~~~~~
In file included from /tuxdata/Agam/Aix//include/fn_pos.h:27,
                 from /tuxdata/Agam/Aix/webtrade/temp/sfo_add_omrgn.c:229:
/tuxdata/Agam/Aix//include/fo_view_def.h:636:8: error: redefinition of ‘struct vw_cntfut_pos’
 struct vw_cntfut_pos {
        ^~~~~~~~~~~~~
In file included from /tuxdata/Agam/Aix/webtrade/temp/sfo_add_omrgn.c:223:
/tuxdata/Agam/Aix//include/fo_view_def.h:635:8: note: originally defined here
 struct vw_cntfut_pos {
        ^~~~~~~~~~~~~
In file included from /tuxdata/Agam/Aix//include/fn_pos.h:27,
                 from /tuxdata/Agam/Aix/webtrade/temp/sfo_add_omrgn.c:229:
/tuxdata/Agam/Aix//include/fo_view_def.h:674:8: error: redefinition of ‘struct vw_undfut_pos’
 struct vw_undfut_pos {
        ^~~~~~~~~~~~~
In file included from /tuxdata/Agam/Aix/webtrade/temp/sfo_add_omrgn.c:223:
/tuxdata/Agam/Aix//include/fo_view_def.h:673:8: note: originally defined here
 struct vw_undfut_pos {
        ^~~~~~~~~~~~~
In file included from /tuxdata/Agam/Aix//include/fn_pos.h:27,
                 from /tuxdata/Agam/Aix/webtrade/temp/sfo_add_omrgn.c:229:
/tuxdata/Agam/Aix//include/fo_view_def.h:721:8: error: redefinition of ‘struct vw_cntopt_pos’
 struct vw_cntopt_pos {
        ^~~~~~~~~~~~~
In file included from /tuxdata/Agam/Aix/webtrade/temp/sfo_add_omrgn.c:223:
/tuxdata/Agam/Aix//include/fo_view_def.h:720:8: note: originally defined here
 struct vw_cntopt_pos {
        ^~~~~~~~~~~~~
In file included from /tuxdata/Agam/Aix//include/fn_pos.h:27,
                 from /tuxdata/Agam/Aix/webtrade/temp/sfo_add_omrgn.c:229:
/tuxdata/Agam/Aix//include/fo_view_def.h:781:8: error: redefinition of ‘struct vw_spdordbk’
 struct vw_spdordbk {
        ^~~~~~~~~~~
In file included from /tuxdata/Agam/Aix/webtrade/temp/sfo_add_omrgn.c:223:
/tuxdata/Agam/Aix//include/fo_view_def.h:780:8: note: originally defined here
 struct vw_spdordbk {
        ^~~~~~~~~~~
In file included from /tuxdata/Agam/Aix//include/fn_pos.h:27,
                 from /tuxdata/Agam/Aix/webtrade/temp/sfo_add_omrgn.c:229:
/tuxdata/Agam/Aix//include/fo_view_def.h:800:8: error: redefinition of ‘struct vw_spdxchbk’
 struct vw_spdxchbk {
        ^~~~~~~~~~~
In file included from /tuxdata/Agam/Aix/webtrade/temp/sfo_add_omrgn.c:223:
/tuxdata/Agam/Aix//include/fo_view_def.h:799:8: note: originally defined here
 struct vw_spdxchbk {
        ^~~~~~~~~~~
Compiling  sfo_adm_mrgndtl ..................

Pro*C/C++: Release 19.0.0.0.0 - Production on Thu Aug 3 16:08:04 2023
Version 19.18.0.0.0

Copyright (c) 1982, 2023, Oracle and/or its affiliates.  All rights reserved.

System default option values taken from: /tuxdata/op_sbtg/tuxedo12/oraclnt19c//precomp/admin/pcscfg.cfg

Compiling  sfo_adm_mrgnlog ..................

Pro*C/C++: Release 19.0.0.0.0 - Production on Thu Aug 3 16:08:05 2023
Version 19.18.0.0.0

Copyright (c) 1982, 2023, Oracle and/or its affiliates.  All rights reserved.

System default option values taken from: /tuxdata/op_sbtg/tuxedo12/oraclnt19c//precomp/admin/pcscfg.cfg

Compiling  sfo_api_plan ..................

Pro*C/C++: Release 19.0.0.0.0 - Production on Thu Aug 3 16:08:06 2023
Version 19.18.0.0.0

Copyright (c) 1982, 2023, Oracle and/or its affiliates.  All rights reserved.

System default option values taken from: /tuxdata/op_sbtg/tuxedo12/oraclnt19c//precomp/admin/pcscfg.cfg

Compiling  sfo_asgn_book ..................

Pro*C/C++: Release 19.0.0.0.0 - Production on Thu Aug 3 16:08:07 2023
Version 19.18.0.0.0

Copyright (c) 1982, 2023, Oracle and/or its affiliates.  All rights reserved.

System default option values taken from: /tuxdata/op_sbtg/tuxedo12/oraclnt19c//precomp/admin/pcscfg.cfg

Compiling  sfo_asgnt_dwld ..................

Pro*C/C++: Release 19.0.0.0.0 - Production on Thu Aug 3 16:08:07 2023
Version 19.18.0.0.0

Copyright (c) 1982, 2023, Oracle and/or its affiliates.  All rights reserved.

System default option values taken from: /tuxdata/op_sbtg/tuxedo12/oraclnt19c//precomp/admin/pcscfg.cfg

Compiling  sfo_ats_microst ..................

Pro*C/C++: Release 19.0.0.0.0 - Production on Thu Aug 3 16:08:08 2023
Version 19.18.0.0.0

Copyright (c) 1982, 2023, Oracle and/or its affiliates.  All rights reserved.

System default option values taken from: /tuxdata/op_sbtg/tuxedo12/oraclnt19c//precomp/admin/pcscfg.cfg

Compiling  sfo_automtm_log ..................

Pro*C/C++: Release 19.0.0.0.0 - Production on Thu Aug 3 16:08:11 2023
Version 19.18.0.0.0

Copyright (c) 1982, 2023, Oracle and/or its affiliates.  All rights reserved.

System default option values taken from: /tuxdata/op_sbtg/tuxedo12/oraclnt19c//precomp/admin/pcscfg.cfg

comp_agam.sh: line 29: ./../../../comp/comp_c_lzo: Permission denied
Compiling  sfo_brdlzo_rout ............
Compiling  sfo_brkg_disp ..................

Pro*C/C++: Release 19.0.0.0.0 - Production on Thu Aug 3 16:08:11 2023
Version 19.18.0.0.0

Copyright (c) 1982, 2023, Oracle and/or its affiliates.  All rights reserved.

System default option values taken from: /tuxdata/op_sbtg/tuxedo12/oraclnt19c//precomp/admin/pcscfg.cfg

Compiling  sfo_cal_cln_rsk ..................

Pro*C/C++: Release 19.0.0.0.0 - Production on Thu Aug 3 16:08:12 2023
Version 19.18.0.0.0

Copyright (c) 1982, 2023, Oracle and/or its affiliates.  All rights reserved.

System default option values taken from: /tuxdata/op_sbtg/tuxedo12/oraclnt19c//precomp/admin/pcscfg.cfg

Compiling  sfo_cal_greeks ..................

Pro*C/C++: Release 19.0.0.0.0 - Production on Thu Aug 3 16:08:15 2023
Version 19.18.0.0.0

Copyright (c) 1982, 2023, Oracle and/or its affiliates.  All rights reserved.

System default option values taken from: /tuxdata/op_sbtg/tuxedo12/oraclnt19c//precomp/admin/pcscfg.cfg

Compiling  sfo_cal_index ..................

Pro*C/C++: Release 19.0.0.0.0 - Production on Thu Aug 3 16:08:16 2023
Version 19.18.0.0.0

Copyright (c) 1982, 2023, Oracle and/or its affiliates.  All rights reserved.

System default option values taken from: /tuxdata/op_sbtg/tuxedo12/oraclnt19c//precomp/admin/pcscfg.cfg

Compiling  sfo_cal_sys_rsk ..................

Pro*C/C++: Release 19.0.0.0.0 - Production on Thu Aug 3 16:08:16 2023
Version 19.18.0.0.0

Copyright (c) 1982, 2023, Oracle and/or its affiliates.  All rights reserved.

System default option values taken from: /tuxdata/op_sbtg/tuxedo12/oraclnt19c//precomp/admin/pcscfg.cfg

Compiling  sfo_calc_rsk ..................

Pro*C/C++: Release 19.0.0.0.0 - Production on Thu Aug 3 16:08:19 2023
Version 19.18.0.0.0

Copyright (c) 1982, 2023, Oracle and/or its affiliates.  All rights reserved.

System default option values taken from: /tuxdata/op_sbtg/tuxedo12/oraclnt19c//precomp/admin/pcscfg.cfg

Compiling  sfo_call_frwdA ............
Compiling  sfo_call_frwdB ............
Compiling  sfo_can_exrq ..................

Pro*C/C++: Release 19.0.0.0.0 - Production on Thu Aug 3 16:08:20 2023
Version 19.18.0.0.0

Copyright (c) 1982, 2023, Oracle and/or its affiliates.  All rights reserved.

System default option values taken from: /tuxdata/op_sbtg/tuxedo12/oraclnt19c//precomp/admin/pcscfg.cfg

Compiling  sfo_can_tmpord ..................

Pro*C/C++: Release 19.0.0.0.0 - Production on Thu Aug 3 16:08:20 2023
Version 19.18.0.0.0

Copyright (c) 1982, 2023, Oracle and/or its affiliates.  All rights reserved.

System default option values taken from: /tuxdata/op_sbtg/tuxedo12/oraclnt19c//precomp/admin/pcscfg.cfg

Compiling  sfo_cancel_fut ..................

Pro*C/C++: Release 19.0.0.0.0 - Production on Thu Aug 3 16:08:21 2023
Version 19.18.0.0.0

Copyright (c) 1982, 2023, Oracle and/or its affiliates.  All rights reserved.

System default option values taken from: /tuxdata/op_sbtg/tuxedo12/oraclnt19c//precomp/admin/pcscfg.cfg

Compiling  sfo_cancel_opt ..................

Pro*C/C++: Release 19.0.0.0.0 - Production on Thu Aug 3 16:08:22 2023
Version 19.18.0.0.0

Copyright (c) 1982, 2023, Oracle and/or its affiliates.  All rights reserved.

System default option values taken from: /tuxdata/op_sbtg/tuxedo12/oraclnt19c//precomp/admin/pcscfg.cfg

Compiling  sfo_canord_pa ..................

Pro*C/C++: Release 19.0.0.0.0 - Production on Thu Aug 3 16:08:22 2023
Version 19.18.0.0.0

Copyright (c) 1982, 2023, Oracle and/or its affiliates.  All rights reserved.

System default option values taken from: /tuxdata/op_sbtg/tuxedo12/oraclnt19c//precomp/admin/pcscfg.cfg

Compiling  sfo_cansq_fimtm ..................

Pro*C/C++: Release 19.0.0.0.0 - Production on Thu Aug 3 16:08:23 2023
Version 19.18.0.0.0

Copyright (c) 1982, 2023, Oracle and/or its affiliates.  All rights reserved.

System default option values taken from: /tuxdata/op_sbtg/tuxedo12/oraclnt19c//precomp/admin/pcscfg.cfg

Compiling  sfo_cansq_oimtm ..................

Pro*C/C++: Release 19.0.0.0.0 - Production on Thu Aug 3 16:08:24 2023
Version 19.18.0.0.0

Copyright (c) 1982, 2023, Oracle and/or its affiliates.  All rights reserved.

System default option values taken from: /tuxdata/op_sbtg/tuxedo12/oraclnt19c//precomp/admin/pcscfg.cfg

Compiling  sfo_cdlvmg_prc ..................

Pro*C/C++: Release 19.0.0.0.0 - Production on Thu Aug 3 16:08:24 2023
Version 19.18.0.0.0

Copyright (c) 1982, 2023, Oracle and/or its affiliates.  All rights reserved.

System default option values taken from: /tuxdata/op_sbtg/tuxedo12/oraclnt19c//precomp/admin/pcscfg.cfg

Compiling  sfo_cln_greeks ..................

Pro*C/C++: Release 19.0.0.0.0 - Production on Thu Aug 3 16:08:26 2023
Version 19.18.0.0.0

Copyright (c) 1982, 2023, Oracle and/or its affiliates.  All rights reserved.

System default option values taken from: /tuxdata/op_sbtg/tuxedo12/oraclnt19c//precomp/admin/pcscfg.cfg

Compiling  sfo_clsout_dtls ..................

Pro*C/C++: Release 19.0.0.0.0 - Production on Thu Aug 3 16:08:27 2023
Version 19.18.0.0.0

Copyright (c) 1982, 2023, Oracle and/or its affiliates.  All rights reserved.

System default option values taken from: /tuxdata/op_sbtg/tuxedo12/oraclnt19c//precomp/admin/pcscfg.cfg

Compiling  sfo_clsprc_dwld ..................

Pro*C/C++: Release 19.0.0.0.0 - Production on Thu Aug 3 16:08:28 2023
Version 19.18.0.0.0

Copyright (c) 1982, 2023, Oracle and/or its affiliates.  All rights reserved.

System default option values taken from: /tuxdata/op_sbtg/tuxedo12/oraclnt19c//precomp/admin/pcscfg.cfg

Compiling  sfo_cmb_qt ..................

Pro*C/C++: Release 19.0.0.0.0 - Production on Thu Aug 3 16:08:29 2023
Version 19.18.0.0.0

Copyright (c) 1982, 2023, Oracle and/or its affiliates.  All rights reserved.

System default option values taken from: /tuxdata/op_sbtg/tuxedo12/oraclnt19c//precomp/admin/pcscfg.cfg

Compiling  sfo_cn_dtls ..................

Pro*C/C++: Release 19.0.0.0.0 - Production on Thu Aug 3 16:08:30 2023
Version 19.18.0.0.0

Copyright (c) 1982, 2023, Oracle and/or its affiliates.  All rights reserved.

System default option values taken from: /tuxdata/op_sbtg/tuxedo12/oraclnt19c//precomp/admin/pcscfg.cfg

Compiling  sfo_cnt_dwld ............
Compiling  sfo_cnt_for_ent ..................

Pro*C/C++: Release 19.0.0.0.0 - Production on Thu Aug 3 16:08:31 2023
Version 19.18.0.0.0

Copyright (c) 1982, 2023, Oracle and/or its affiliates.  All rights reserved.

System default option values taken from: /tuxdata/op_sbtg/tuxedo12/oraclnt19c//precomp/admin/pcscfg.cfg

Compiling  sfo_cntfut_pstn ..................

Pro*C/C++: Release 19.0.0.0.0 - Production on Thu Aug 3 16:08:32 2023
Version 19.18.0.0.0

Copyright (c) 1982, 2023, Oracle and/or its affiliates.  All rights reserved.

System default option values taken from: /tuxdata/op_sbtg/tuxedo12/oraclnt19c//precomp/admin/pcscfg.cfg

Compiling  sfo_cntopt_pstn ..................

Pro*C/C++: Release 19.0.0.0.0 - Production on Thu Aug 3 16:08:34 2023
Version 19.18.0.0.0

Copyright (c) 1982, 2023, Oracle and/or its affiliates.  All rights reserved.

System default option values taken from: /tuxdata/op_sbtg/tuxedo12/oraclnt19c//precomp/admin/pcscfg.cfg

Compiling  sfo_cntosgn ..................

Pro*C/C++: Release 19.0.0.0.0 - Production on Thu Aug 3 16:08:35 2023
Version 19.18.0.0.0

Copyright (c) 1982, 2023, Oracle and/or its affiliates.  All rights reserved.

System default option values taken from: /tuxdata/op_sbtg/tuxedo12/oraclnt19c//precomp/admin/pcscfg.cfg

Compiling  sfo_contr_sign ..................

Pro*C/C++: Release 19.0.0.0.0 - Production on Thu Aug 3 16:08:36 2023
Version 19.18.0.0.0

Copyright (c) 1982, 2023, Oracle and/or its affiliates.  All rights reserved.

System default option values taken from: /tuxdata/op_sbtg/tuxedo12/oraclnt19c//precomp/admin/pcscfg.cfg

Compiling  sfo_conv_to_fp ..................

Pro*C/C++: Release 19.0.0.0.0 - Production on Thu Aug 3 16:08:36 2023
Version 19.18.0.0.0

Copyright (c) 1982, 2023, Oracle and/or its affiliates.  All rights reserved.

System default option values taken from: /tuxdata/op_sbtg/tuxedo12/oraclnt19c//precomp/admin/pcscfg.cfg

Compiling  sfo_conv_to_fut ..................

Pro*C/C++: Release 19.0.0.0.0 - Production on Thu Aug 3 16:08:38 2023
Version 19.18.0.0.0

Copyright (c) 1982, 2023, Oracle and/or its affiliates.  All rights reserved.

System default option values taken from: /tuxdata/op_sbtg/tuxedo12/oraclnt19c//precomp/admin/pcscfg.cfg

Compiling  sfo_corp ..................

Pro*C/C++: Release 19.0.0.0.0 - Production on Thu Aug 3 16:08:39 2023
Version 19.18.0.0.0

Copyright (c) 1982, 2023, Oracle and/or its affiliates.  All rights reserved.

System default option values taken from: /tuxdata/op_sbtg/tuxedo12/oraclnt19c//precomp/admin/pcscfg.cfg

Compiling  sfo_crt_stgy ..................

Pro*C/C++: Release 19.0.0.0.0 - Production on Thu Aug 3 16:08:40 2023
Version 19.18.0.0.0

Copyright (c) 1982, 2023, Oracle and/or its affiliates.  All rights reserved.

System default option values taken from: /tuxdata/op_sbtg/tuxedo12/oraclnt19c//precomp/admin/pcscfg.cfg

Compiling  sfo_cvrdlvmg_prc ..................

Pro*C/C++: Release 19.0.0.0.0 - Production on Thu Aug 3 16:08:41 2023
Version 19.18.0.0.0

Copyright (c) 1982, 2023, Oracle and/or its affiliates.  All rights reserved.

System default option values taken from: /tuxdata/op_sbtg/tuxedo12/oraclnt19c//precomp/admin/pcscfg.cfg

Compiling  sfo_dflt_settng ..................

Pro*C/C++: Release 19.0.0.0.0 - Production on Thu Aug 3 16:08:43 2023
Version 19.18.0.0.0

Copyright (c) 1982, 2023, Oracle and/or its affiliates.  All rights reserved.

System default option values taken from: /tuxdata/op_sbtg/tuxedo12/oraclnt19c//precomp/admin/pcscfg.cfg

Compiling  sfo_dlv_cansq ..................

Pro*C/C++: Release 19.0.0.0.0 - Production on Thu Aug 3 16:08:43 2023
Version 19.18.0.0.0

Copyright (c) 1982, 2023, Oracle and/or its affiliates.  All rights reserved.

System default option values taken from: /tuxdata/op_sbtg/tuxedo12/oraclnt19c//precomp/admin/pcscfg.cfg

Compiling  sfo_dlvmrg_prc ..................

Pro*C/C++: Release 19.0.0.0.0 - Production on Thu Aug 3 16:08:44 2023
Version 19.18.0.0.0

Copyright (c) 1982, 2023, Oracle and/or its affiliates.  All rights reserved.

System default option values taken from: /tuxdata/op_sbtg/tuxedo12/oraclnt19c//precomp/admin/pcscfg.cfg

Compiling  sfo_dlvrmrgn_prc ..................

Pro*C/C++: Release 19.0.0.0.0 - Production on Thu Aug 3 16:08:45 2023
Version 19.18.0.0.0

Copyright (c) 1982, 2023, Oracle and/or its affiliates.  All rights reserved.

System default option values taken from: /tuxdata/op_sbtg/tuxedo12/oraclnt19c//precomp/admin/pcscfg.cfg

Compiling  sfo_dlvry_dtls ..................

Pro*C/C++: Release 19.0.0.0.0 - Production on Thu Aug 3 16:08:46 2023
Version 19.18.0.0.0

Copyright (c) 1982, 2023, Oracle and/or its affiliates.  All rights reserved.

System default option values taken from: /tuxdata/op_sbtg/tuxedo12/oraclnt19c//precomp/admin/pcscfg.cfg

Compiling  sfo_dlvry_updt ..................

Pro*C/C++: Release 19.0.0.0.0 - Production on Thu Aug 3 16:08:47 2023
Version 19.18.0.0.0

Copyright (c) 1982, 2023, Oracle and/or its affiliates.  All rights reserved.

System default option values taken from: /tuxdata/op_sbtg/tuxedo12/oraclnt19c//precomp/admin/pcscfg.cfg

Compiling  sfo_dly_oblg ..................

Pro*C/C++: Release 19.0.0.0.0 - Production on Thu Aug 3 16:08:48 2023
Version 19.18.0.0.0

Copyright (c) 1982, 2023, Oracle and/or its affiliates.  All rights reserved.

System default option values taken from: /tuxdata/op_sbtg/tuxedo12/oraclnt19c//precomp/admin/pcscfg.cfg

Compiling  sfo_dsp_inc ..................

Pro*C/C++: Release 19.0.0.0.0 - Production on Thu Aug 3 16:08:49 2023
Version 19.18.0.0.0

Copyright (c) 1982, 2023, Oracle and/or its affiliates.  All rights reserved.

System default option values taken from: /tuxdata/op_sbtg/tuxedo12/oraclnt19c//precomp/admin/pcscfg.cfg

Compiling  sfo_dt_cancelC ..................

Pro*C/C++: Release 19.0.0.0.0 - Production on Thu Aug 3 16:08:49 2023
Version 19.18.0.0.0

Copyright (c) 1982, 2023, Oracle and/or its affiliates.  All rights reserved.

System default option values taken from: /tuxdata/op_sbtg/tuxedo12/oraclnt19c//precomp/admin/pcscfg.cfg

Compiling  sfo_dt_exrcC ..................

Pro*C/C++: Release 19.0.0.0.0 - Production on Thu Aug 3 16:08:49 2023
Version 19.18.0.0.0

Copyright (c) 1982, 2023, Oracle and/or its affiliates.  All rights reserved.

System default option values taken from: /tuxdata/op_sbtg/tuxedo12/oraclnt19c//precomp/admin/pcscfg.cfg

Compiling  sfo_dt_exrcM ..................

Pro*C/C++: Release 19.0.0.0.0 - Production on Thu Aug 3 16:08:50 2023
Version 19.18.0.0.0

Copyright (c) 1982, 2023, Oracle and/or its affiliates.  All rights reserved.

System default option values taken from: /tuxdata/op_sbtg/tuxedo12/oraclnt19c//precomp/admin/pcscfg.cfg

Compiling  sfo_dt_exrcP ..................

Pro*C/C++: Release 19.0.0.0.0 - Production on Thu Aug 3 16:08:50 2023
Version 19.18.0.0.0

Copyright (c) 1982, 2023, Oracle and/or its affiliates.  All rights reserved.

System default option values taken from: /tuxdata/op_sbtg/tuxedo12/oraclnt19c//precomp/admin/pcscfg.cfg

Compiling  sfo_dt_ordrbkR ..................

Pro*C/C++: Release 19.0.0.0.0 - Production on Thu Aug 3 16:08:51 2023
Version 19.18.0.0.0

Copyright (c) 1982, 2023, Oracle and/or its affiliates.  All rights reserved.

System default option values taken from: /tuxdata/op_sbtg/tuxedo12/oraclnt19c//precomp/admin/pcscfg.cfg

Compiling  sfo_dt_trd_bk ..................

Pro*C/C++: Release 19.0.0.0.0 - Production on Thu Aug 3 16:08:51 2023
Version 19.18.0.0.0

Copyright (c) 1982, 2023, Oracle and/or its affiliates.  All rights reserved.

System default option values taken from: /tuxdata/op_sbtg/tuxedo12/oraclnt19c//precomp/admin/pcscfg.cfg

Compiling  sfo_enq_msg ............
Compiling  sfo_errlog ..................

Pro*C/C++: Release 19.0.0.0.0 - Production on Thu Aug 3 16:08:52 2023
Version 19.18.0.0.0

Copyright (c) 1982, 2023, Oracle and/or its affiliates.  All rights reserved.

System default option values taken from: /tuxdata/op_sbtg/tuxedo12/oraclnt19c//precomp/admin/pcscfg.cfg

Compiling  sfo_exchngstts ..................

Pro*C/C++: Release 19.0.0.0.0 - Production on Thu Aug 3 16:08:52 2023
Version 19.18.0.0.0

Copyright (c) 1982, 2023, Oracle and/or its affiliates.  All rights reserved.

System default option values taken from: /tuxdata/op_sbtg/tuxedo12/oraclnt19c//precomp/admin/pcscfg.cfg

Compiling  sfo_exrc_book ..................

Pro*C/C++: Release 19.0.0.0.0 - Production on Thu Aug 3 16:08:53 2023
Version 19.18.0.0.0

Copyright (c) 1982, 2023, Oracle and/or its affiliates.  All rights reserved.

System default option values taken from: /tuxdata/op_sbtg/tuxedo12/oraclnt19c//precomp/admin/pcscfg.cfg

Compiling  sfo_exreq_ack ............
Compiling  sfo_exreq_tconf ..................

Pro*C/C++: Release 19.0.0.0.0 - Production on Thu Aug 3 16:08:54 2023
Version 19.18.0.0.0

Copyright (c) 1982, 2023, Oracle and/or its affiliates.  All rights reserved.

System default option values taken from: /tuxdata/op_sbtg/tuxedo12/oraclnt19c//precomp/admin/pcscfg.cfg

Compiling  sfo_exrq_dtls ..................

Pro*C/C++: Release 19.0.0.0.0 - Production on Thu Aug 3 16:08:55 2023
Version 19.18.0.0.0

Copyright (c) 1982, 2023, Oracle and/or its affiliates.  All rights reserved.

System default option values taken from: /tuxdata/op_sbtg/tuxedo12/oraclnt19c//precomp/admin/pcscfg.cfg

Compiling  sfo_fast_option ..................

Pro*C/C++: Release 19.0.0.0.0 - Production on Thu Aug 3 16:08:56 2023
Version 19.18.0.0.0

Copyright (c) 1982, 2023, Oracle and/or its affiliates.  All rights reserved.

System default option values taken from: /tuxdata/op_sbtg/tuxedo12/oraclnt19c//precomp/admin/pcscfg.cfg

Compiling  sfo_fast_options ..................

Pro*C/C++: Release 19.0.0.0.0 - Production on Thu Aug 3 16:08:57 2023
Version 19.18.0.0.0

Copyright (c) 1982, 2023, Oracle and/or its affiliates.  All rights reserved.

System default option values taken from: /tuxdata/op_sbtg/tuxedo12/oraclnt19c//precomp/admin/pcscfg.cfg

Compiling  sfo_fdr_dtls ..................

Pro*C/C++: Release 19.0.0.0.0 - Production on Thu Aug 3 16:08:58 2023
Version 19.18.0.0.0

Copyright (c) 1982, 2023, Oracle and/or its affiliates.  All rights reserved.

System default option values taken from: /tuxdata/op_sbtg/tuxedo12/oraclnt19c//precomp/admin/pcscfg.cfg

Compiling  sfo_flash_sqoff ..................

Pro*C/C++: Release 19.0.0.0.0 - Production on Thu Aug 3 16:08:58 2023
Version 19.18.0.0.0

Copyright (c) 1982, 2023, Oracle and/or its affiliates.  All rights reserved.

System default option values taken from: /tuxdata/op_sbtg/tuxedo12/oraclnt19c//precomp/admin/pcscfg.cfg

Compiling  sfo_flash_sqroff ..................

Pro*C/C++: Release 19.0.0.0.0 - Production on Thu Aug 3 16:08:59 2023
Version 19.18.0.0.0

Copyright (c) 1982, 2023, Oracle and/or its affiliates.  All rights reserved.

System default option values taken from: /tuxdata/op_sbtg/tuxedo12/oraclnt19c//precomp/admin/pcscfg.cfg

Compiling  sfo_fno_daypstn ..................

Pro*C/C++: Release 19.0.0.0.0 - Production on Thu Aug 3 16:08:59 2023
Version 19.18.0.0.0

Copyright (c) 1982, 2023, Oracle and/or its affiliates.  All rights reserved.

System default option values taken from: /tuxdata/op_sbtg/tuxedo12/oraclnt19c//precomp/admin/pcscfg.cfg

Compiling  sfo_fno_pstn ..................

Pro*C/C++: Release 19.0.0.0.0 - Production on Thu Aug 3 16:09:10 2023
Version 19.18.0.0.0

Copyright (c) 1982, 2023, Oracle and/or its affiliates.  All rights reserved.

System default option values taken from: /tuxdata/op_sbtg/tuxedo12/oraclnt19c//precomp/admin/pcscfg.cfg

Compiling  sfo_fo_mgcal ..................

Pro*C/C++: Release 19.0.0.0.0 - Production on Thu Aug 3 16:09:21 2023
Version 19.18.0.0.0

Copyright (c) 1982, 2023, Oracle and/or its affiliates.  All rights reserved.

System default option values taken from: /tuxdata/op_sbtg/tuxedo12/oraclnt19c//precomp/admin/pcscfg.cfg

Compiling  sfo_fobg_prc ..................

Pro*C/C++: Release 19.0.0.0.0 - Production on Thu Aug 3 16:09:22 2023
Version 19.18.0.0.0

Copyright (c) 1982, 2023, Oracle and/or its affiliates.  All rights reserved.

System default option values taken from: /tuxdata/op_sbtg/tuxedo12/oraclnt19c//precomp/admin/pcscfg.cfg

Compiling  sfo_fos_trg ............
Compiling  sfo_fpls_prtfl ..................

Pro*C/C++: Release 19.0.0.0.0 - Production on Thu Aug 3 16:09:24 2023
Version 19.18.0.0.0

Copyright (c) 1982, 2023, Oracle and/or its affiliates.  All rights reserved.

System default option values taken from: /tuxdata/op_sbtg/tuxedo12/oraclnt19c//precomp/admin/pcscfg.cfg

Compiling  sfo_fpprtfl_dtl ..................

Pro*C/C++: Release 19.0.0.0.0 - Production on Thu Aug 3 16:09:25 2023
Version 19.18.0.0.0

Copyright (c) 1982, 2023, Oracle and/or its affiliates.  All rights reserved.

System default option values taken from: /tuxdata/op_sbtg/tuxedo12/oraclnt19c//precomp/admin/pcscfg.cfg

Compiling  sfo_fprtfl_dtls ..................

Pro*C/C++: Release 19.0.0.0.0 - Production on Thu Aug 3 16:09:25 2023
Version 19.18.0.0.0

Copyright (c) 1982, 2023, Oracle and/or its affiliates.  All rights reserved.

System default option values taken from: /tuxdata/op_sbtg/tuxedo12/oraclnt19c//precomp/admin/pcscfg.cfg

Compiling  sfo_fpsl_to_fut ..................

Pro*C/C++: Release 19.0.0.0.0 - Production on Thu Aug 3 16:09:26 2023
Version 19.18.0.0.0

Copyright (c) 1982, 2023, Oracle and/or its affiliates.  All rights reserved.

System default option values taken from: /tuxdata/op_sbtg/tuxedo12/oraclnt19c//precomp/admin/pcscfg.cfg

Compiling  sfo_frz_lst ..................

Pro*C/C++: Release 19.0.0.0.0 - Production on Thu Aug 3 16:09:28 2023
Version 19.18.0.0.0

Copyright (c) 1982, 2023, Oracle and/or its affiliates.  All rights reserved.

System default option values taken from: /tuxdata/op_sbtg/tuxedo12/oraclnt19c//precomp/admin/pcscfg.cfg

Compiling  sfo_ft_cvrtconf ..................

Pro*C/C++: Release 19.0.0.0.0 - Production on Thu Aug 3 16:09:29 2023
Version 19.18.0.0.0

Copyright (c) 1982, 2023, Oracle and/or its affiliates.  All rights reserved.

System default option values taken from: /tuxdata/op_sbtg/tuxedo12/oraclnt19c//precomp/admin/pcscfg.cfg

Compiling  sfo_ftov ............
Compiling  sfo_fut_mgcal ..................

Pro*C/C++: Release 19.0.0.0.0 - Production on Thu Aug 3 16:09:30 2023
Version 19.18.0.0.0

Copyright (c) 1982, 2023, Oracle and/or its affiliates.  All rights reserved.

System default option values taken from: /tuxdata/op_sbtg/tuxedo12/oraclnt19c//precomp/admin/pcscfg.cfg

Compiling  sfo_fut_prtfl ..................

Pro*C/C++: Release 19.0.0.0.0 - Production on Thu Aug 3 16:09:32 2023
Version 19.18.0.0.0

Copyright (c) 1982, 2023, Oracle and/or its affiliates.  All rights reserved.

System default option values taken from: /tuxdata/op_sbtg/tuxedo12/oraclnt19c//precomp/admin/pcscfg.cfg

Compiling  sfo_fut_tconf ..................

Pro*C/C++: Release 19.0.0.0.0 - Production on Thu Aug 3 16:09:35 2023
Version 19.18.0.0.0

Copyright (c) 1982, 2023, Oracle and/or its affiliates.  All rights reserved.

System default option values taken from: /tuxdata/op_sbtg/tuxedo12/oraclnt19c//precomp/admin/pcscfg.cfg

Compiling  sfo_futopt_mgcal ..................

Pro*C/C++: Release 19.0.0.0.0 - Production on Thu Aug 3 16:09:37 2023
Version 19.18.0.0.0

Copyright (c) 1982, 2023, Oracle and/or its affiliates.  All rights reserved.

System default option values taken from: /tuxdata/op_sbtg/tuxedo12/oraclnt19c//precomp/admin/pcscfg.cfg

Compiling  sfo_futopt_prtl ..................

Pro*C/C++: Release 19.0.0.0.0 - Production on Thu Aug 3 16:09:38 2023
Version 19.18.0.0.0

Copyright (c) 1982, 2023, Oracle and/or its affiliates.  All rights reserved.

System default option values taken from: /tuxdata/op_sbtg/tuxedo12/oraclnt19c//precomp/admin/pcscfg.cfg

Compiling  sfo_get_cntid ..................

Pro*C/C++: Release 19.0.0.0.0 - Production on Thu Aug 3 16:09:41 2023
Version 19.18.0.0.0

Copyright (c) 1982, 2023, Oracle and/or its affiliates.  All rights reserved.

System default option values taken from: /tuxdata/op_sbtg/tuxedo12/oraclnt19c//precomp/admin/pcscfg.cfg

Compiling  sfo_get_cntrct ..................

Pro*C/C++: Release 19.0.0.0.0 - Production on Thu Aug 3 16:09:42 2023
Version 19.18.0.0.0

Copyright (c) 1982, 2023, Oracle and/or its affiliates.  All rights reserved.

System default option values taken from: /tuxdata/op_sbtg/tuxedo12/oraclnt19c//precomp/admin/pcscfg.cfg

Compiling  sfo_get_csh_prj ..................

Pro*C/C++: Release 19.0.0.0.0 - Production on Thu Aug 3 16:09:46 2023
Version 19.18.0.0.0

Copyright (c) 1982, 2023, Oracle and/or its affiliates.  All rights reserved.

System default option values taken from: /tuxdata/op_sbtg/tuxedo12/oraclnt19c//precomp/admin/pcscfg.cfg

Compiling  sfo_get_csh_trn ..................

Pro*C/C++: Release 19.0.0.0.0 - Production on Thu Aug 3 16:09:46 2023
Version 19.18.0.0.0

Copyright (c) 1982, 2023, Oracle and/or its affiliates.  All rights reserved.

System default option values taken from: /tuxdata/op_sbtg/tuxedo12/oraclnt19c//precomp/admin/pcscfg.cfg

Compiling  sfo_get_exprec ..................

Pro*C/C++: Release 19.0.0.0.0 - Production on Thu Aug 3 16:09:47 2023
Version 19.18.0.0.0

Copyright (c) 1982, 2023, Oracle and/or its affiliates.  All rights reserved.

System default option values taken from: /tuxdata/op_sbtg/tuxedo12/oraclnt19c//precomp/admin/pcscfg.cfg

Compiling  sfo_get_flashcnt ..................

Pro*C/C++: Release 19.0.0.0.0 - Production on Thu Aug 3 16:09:47 2023
Version 19.18.0.0.0

Copyright (c) 1982, 2023, Oracle and/or its affiliates.  All rights reserved.

System default option values taken from: /tuxdata/op_sbtg/tuxedo12/oraclnt19c//precomp/admin/pcscfg.cfg

Compiling  sfo_get_ind_inf ..................

Pro*C/C++: Release 19.0.0.0.0 - Production on Thu Aug 3 16:09:48 2023
Version 19.18.0.0.0

Copyright (c) 1982, 2023, Oracle and/or its affiliates.  All rights reserved.

System default option values taken from: /tuxdata/op_sbtg/tuxedo12/oraclnt19c//precomp/admin/pcscfg.cfg

Compiling  sfo_get_limits ..................

Pro*C/C++: Release 19.0.0.0.0 - Production on Thu Aug 3 16:09:49 2023
Version 19.18.0.0.0

Copyright (c) 1982, 2023, Oracle and/or its affiliates.  All rights reserved.

System default option values taken from: /tuxdata/op_sbtg/tuxedo12/oraclnt19c//precomp/admin/pcscfg.cfg

Compiling  sfo_get_long_qt ..................

Pro*C/C++: Release 19.0.0.0.0 - Production on Thu Aug 3 16:09:49 2023
Version 19.18.0.0.0

Copyright (c) 1982, 2023, Oracle and/or its affiliates.  All rights reserved.

System default option values taken from: /tuxdata/op_sbtg/tuxedo12/oraclnt19c//precomp/admin/pcscfg.cfg

Compiling  sfo_get_ltp ..................

Pro*C/C++: Release 19.0.0.0.0 - Production on Thu Aug 3 16:09:50 2023
Version 19.18.0.0.0

Copyright (c) 1982, 2023, Oracle and/or its affiliates.  All rights reserved.

System default option values taken from: /tuxdata/op_sbtg/tuxedo12/oraclnt19c//precomp/admin/pcscfg.cfg

Compiling  sfo_get_qt ..................

Pro*C/C++: Release 19.0.0.0.0 - Production on Thu Aug 3 16:09:51 2023
Version 19.18.0.0.0

Copyright (c) 1982, 2023, Oracle and/or its affiliates.  All rights reserved.

System default option values taken from: /tuxdata/op_sbtg/tuxedo12/oraclnt19c//precomp/admin/pcscfg.cfg

Compiling  sfo_get_seq ..................

Pro*C/C++: Release 19.0.0.0.0 - Production on Thu Aug 3 16:09:51 2023
Version 19.18.0.0.0

Copyright (c) 1982, 2023, Oracle and/or its affiliates.  All rights reserved.

System default option values taken from: /tuxdata/op_sbtg/tuxedo12/oraclnt19c//precomp/admin/pcscfg.cfg

Compiling  sfo_get_tds_prj ..................

Pro*C/C++: Release 19.0.0.0.0 - Production on Thu Aug 3 16:09:52 2023
Version 19.18.0.0.0

Copyright (c) 1982, 2023, Oracle and/or its affiliates.  All rights reserved.

System default option values taken from: /tuxdata/op_sbtg/tuxedo12/oraclnt19c//precomp/admin/pcscfg.cfg

Compiling  sfo_get_trd_und ..................

Pro*C/C++: Release 19.0.0.0.0 - Production on Thu Aug 3 16:09:53 2023
Version 19.18.0.0.0

Copyright (c) 1982, 2023, Oracle and/or its affiliates.  All rights reserved.

System default option values taken from: /tuxdata/op_sbtg/tuxedo12/oraclnt19c//precomp/admin/pcscfg.cfg

Compiling  sfo_getcnt_gen ..................

Pro*C/C++: Release 19.0.0.0.0 - Production on Thu Aug 3 16:09:54 2023
Version 19.18.0.0.0

Copyright (c) 1982, 2023, Oracle and/or its affiliates.  All rights reserved.

System default option values taken from: /tuxdata/op_sbtg/tuxedo12/oraclnt19c//precomp/admin/pcscfg.cfg

Compiling  sfo_gt_admdtls ..................

Pro*C/C++: Release 19.0.0.0.0 - Production on Thu Aug 3 16:09:55 2023
Version 19.18.0.0.0

Copyright (c) 1982, 2023, Oracle and/or its affiliates.  All rights reserved.

System default option values taken from: /tuxdata/op_sbtg/tuxedo12/oraclnt19c//precomp/admin/pcscfg.cfg

Compiling  sfo_gt_admrerun ..................

Pro*C/C++: Release 19.0.0.0.0 - Production on Thu Aug 3 16:09:55 2023
Version 19.18.0.0.0

Copyright (c) 1982, 2023, Oracle and/or its affiliates.  All rights reserved.

System default option values taken from: /tuxdata/op_sbtg/tuxedo12/oraclnt19c//precomp/admin/pcscfg.cfg

Compiling  sfo_gt_billdtls ..................

Pro*C/C++: Release 19.0.0.0.0 - Production on Thu Aug 3 16:09:56 2023
Version 19.18.0.0.0

Copyright (c) 1982, 2023, Oracle and/or its affiliates.  All rights reserved.

System default option values taken from: /tuxdata/op_sbtg/tuxedo12/oraclnt19c//precomp/admin/pcscfg.cfg

Compiling  sfo_gt_canasorc ..................

Pro*C/C++: Release 19.0.0.0.0 - Production on Thu Aug 3 16:09:56 2023
Version 19.18.0.0.0

Copyright (c) 1982, 2023, Oracle and/or its affiliates.  All rights reserved.

System default option values taken from: /tuxdata/op_sbtg/tuxedo12/oraclnt19c//precomp/admin/pcscfg.cfg

Compiling  sfo_gt_canfp ..................

Pro*C/C++: Release 19.0.0.0.0 - Production on Thu Aug 3 16:09:57 2023
Version 19.18.0.0.0

Copyright (c) 1982, 2023, Oracle and/or its affiliates.  All rights reserved.

System default option values taken from: /tuxdata/op_sbtg/tuxedo12/oraclnt19c//precomp/admin/pcscfg.cfg

Compiling  sfo_gt_cn_dtls ..................

Pro*C/C++: Release 19.0.0.0.0 - Production on Thu Aug 3 16:09:57 2023
Version 19.18.0.0.0

Copyright (c) 1982, 2023, Oracle and/or its affiliates.  All rights reserved.

System default option values taken from: /tuxdata/op_sbtg/tuxedo12/oraclnt19c//precomp/admin/pcscfg.cfg

Compiling  sfo_gt_cpdtls ..................

Pro*C/C++: Release 19.0.0.0.0 - Production on Thu Aug 3 16:09:58 2023
Version 19.18.0.0.0

Copyright (c) 1982, 2023, Oracle and/or its affiliates.  All rights reserved.

System default option values taken from: /tuxdata/op_sbtg/tuxedo12/oraclnt19c//precomp/admin/pcscfg.cfg

Compiling  sfo_gt_cs_rec ..................

Pro*C/C++: Release 19.0.0.0.0 - Production on Thu Aug 3 16:09:58 2023
Version 19.18.0.0.0

Copyright (c) 1982, 2023, Oracle and/or its affiliates.  All rights reserved.

System default option values taken from: /tuxdata/op_sbtg/tuxedo12/oraclnt19c//precomp/admin/pcscfg.cfg

Compiling  sfo_gt_ctrlst ..................

Pro*C/C++: Release 19.0.0.0.0 - Production on Thu Aug 3 16:09:59 2023
Version 19.18.0.0.0

Copyright (c) 1982, 2023, Oracle and/or its affiliates.  All rights reserved.

System default option values taken from: /tuxdata/op_sbtg/tuxedo12/oraclnt19c//precomp/admin/pcscfg.cfg

Compiling  sfo_gt_eodadjrc ..................

Pro*C/C++: Release 19.0.0.0.0 - Production on Thu Aug 3 16:09:59 2023
Version 19.18.0.0.0

Copyright (c) 1982, 2023, Oracle and/or its affiliates.  All rights reserved.

System default option values taken from: /tuxdata/op_sbtg/tuxedo12/oraclnt19c//precomp/admin/pcscfg.cfg

Compiling  sfo_gt_eodmtmrc ..................

Pro*C/C++: Release 19.0.0.0.0 - Production on Thu Aug 3 16:10:00 2023
Version 19.18.0.0.0

Copyright (c) 1982, 2023, Oracle and/or its affiliates.  All rights reserved.

System default option values taken from: /tuxdata/op_sbtg/tuxedo12/oraclnt19c//precomp/admin/pcscfg.cfg

Compiling  sfo_gt_exrjctrc ..................

Pro*C/C++: Release 19.0.0.0.0 - Production on Thu Aug 3 16:10:00 2023
Version 19.18.0.0.0

Copyright (c) 1982, 2023, Oracle and/or its affiliates.  All rights reserved.

System default option values taken from: /tuxdata/op_sbtg/tuxedo12/oraclnt19c//precomp/admin/pcscfg.cfg

Compiling  sfo_gt_ext_cnt ..................

Pro*C/C++: Release 19.0.0.0.0 - Production on Thu Aug 3 16:10:00 2023
Version 19.18.0.0.0

Copyright (c) 1982, 2023, Oracle and/or its affiliates.  All rights reserved.

System default option values taken from: /tuxdata/op_sbtg/tuxedo12/oraclnt19c//precomp/admin/pcscfg.cfg

Compiling  sfo_gt_fcloutrc ..................

Pro*C/C++: Release 19.0.0.0.0 - Production on Thu Aug 3 16:10:01 2023
Version 19.18.0.0.0

Copyright (c) 1982, 2023, Oracle and/or its affiliates.  All rights reserved.

System default option values taken from: /tuxdata/op_sbtg/tuxedo12/oraclnt19c//precomp/admin/pcscfg.cfg

Compiling  sfo_gt_fimtm ..................

Pro*C/C++: Release 19.0.0.0.0 - Production on Thu Aug 3 16:10:01 2023
Version 19.18.0.0.0

Copyright (c) 1982, 2023, Oracle and/or its affiliates.  All rights reserved.

System default option values taken from: /tuxdata/op_sbtg/tuxedo12/oraclnt19c//precomp/admin/pcscfg.cfg

Compiling  sfo_gt_fimtmrp ..................

Pro*C/C++: Release 19.0.0.0.0 - Production on Thu Aug 3 16:10:02 2023
Version 19.18.0.0.0

Copyright (c) 1982, 2023, Oracle and/or its affiliates.  All rights reserved.

System default option values taken from: /tuxdata/op_sbtg/tuxedo12/oraclnt19c//precomp/admin/pcscfg.cfg

Compiling  sfo_gt_flashcnt ..................

Pro*C/C++: Release 19.0.0.0.0 - Production on Thu Aug 3 16:10:02 2023
Version 19.18.0.0.0

Copyright (c) 1982, 2023, Oracle and/or its affiliates.  All rights reserved.

System default option values taken from: /tuxdata/op_sbtg/tuxedo12/oraclnt19c//precomp/admin/pcscfg.cfg

Compiling  sfo_gt_futplus ..................

Pro*C/C++: Release 19.0.0.0.0 - Production on Thu Aug 3 16:10:04 2023
Version 19.18.0.0.0

Copyright (c) 1982, 2023, Oracle and/or its affiliates.  All rights reserved.

System default option values taken from: /tuxdata/op_sbtg/tuxedo12/oraclnt19c//precomp/admin/pcscfg.cfg

Compiling  sfo_gt_im_dtls ..................

Pro*C/C++: Release 19.0.0.0.0 - Production on Thu Aug 3 16:10:04 2023
Version 19.18.0.0.0

Copyright (c) 1982, 2023, Oracle and/or its affiliates.  All rights reserved.

System default option values taken from: /tuxdata/op_sbtg/tuxedo12/oraclnt19c//precomp/admin/pcscfg.cfg

Compiling  sfo_gt_mkt_msg ..................

Pro*C/C++: Release 19.0.0.0.0 - Production on Thu Aug 3 16:10:05 2023
Version 19.18.0.0.0

Copyright (c) 1982, 2023, Oracle and/or its affiliates.  All rights reserved.

System default option values taken from: /tuxdata/op_sbtg/tuxedo12/oraclnt19c//precomp/admin/pcscfg.cfg

Compiling  sfo_gt_mtchupld ..................

Pro*C/C++: Release 19.0.0.0.0 - Production on Thu Aug 3 16:10:06 2023
Version 19.18.0.0.0

Copyright (c) 1982, 2023, Oracle and/or its affiliates.  All rights reserved.

System default option values taken from: /tuxdata/op_sbtg/tuxedo12/oraclnt19c//precomp/admin/pcscfg.cfg

Compiling  sfo_gt_oamrgn ..................

Pro*C/C++: Release 19.0.0.0.0 - Production on Thu Aug 3 16:10:06 2023
Version 19.18.0.0.0

Copyright (c) 1982, 2023, Oracle and/or its affiliates.  All rights reserved.

System default option values taken from: /tuxdata/op_sbtg/tuxedo12/oraclnt19c//precomp/admin/pcscfg.cfg

Compiling  sfo_gt_ocloutrc ..................

Pro*C/C++: Release 19.0.0.0.0 - Production on Thu Aug 3 16:10:07 2023
Version 19.18.0.0.0

Copyright (c) 1982, 2023, Oracle and/or its affiliates.  All rights reserved.

System default option values taken from: /tuxdata/op_sbtg/tuxedo12/oraclnt19c//precomp/admin/pcscfg.cfg

Compiling  sfo_gt_oimtm ..................

Pro*C/C++: Release 19.0.0.0.0 - Production on Thu Aug 3 16:10:07 2023
Version 19.18.0.0.0

Copyright (c) 1982, 2023, Oracle and/or its affiliates.  All rights reserved.

System default option values taken from: /tuxdata/op_sbtg/tuxedo12/oraclnt19c//precomp/admin/pcscfg.cfg

Compiling  sfo_gt_otpcalrc ..................

Pro*C/C++: Release 19.0.0.0.0 - Production on Thu Aug 3 16:10:08 2023
Version 19.18.0.0.0

Copyright (c) 1982, 2023, Oracle and/or its affiliates.  All rights reserved.

System default option values taken from: /tuxdata/op_sbtg/tuxedo12/oraclnt19c//precomp/admin/pcscfg.cfg

Compiling  sfo_gt_pipodtls ..................

Pro*C/C++: Release 19.0.0.0.0 - Production on Thu Aug 3 16:10:08 2023
Version 19.18.0.0.0

Copyright (c) 1982, 2023, Oracle and/or its affiliates.  All rights reserved.

System default option values taken from: /tuxdata/op_sbtg/tuxedo12/oraclnt19c//precomp/admin/pcscfg.cfg

Compiling  sfo_gt_rerun ..................

Pro*C/C++: Release 19.0.0.0.0 - Production on Thu Aug 3 16:10:08 2023
Version 19.18.0.0.0

Copyright (c) 1982, 2023, Oracle and/or its affiliates.  All rights reserved.

System default option values taken from: /tuxdata/op_sbtg/tuxedo12/oraclnt19c//precomp/admin/pcscfg.cfg

Compiling  sfo_gt_scloutrc ..................

Pro*C/C++: Release 19.0.0.0.0 - Production on Thu Aug 3 16:10:09 2023
Version 19.18.0.0.0

Copyright (c) 1982, 2023, Oracle and/or its affiliates.  All rights reserved.

System default option values taken from: /tuxdata/op_sbtg/tuxedo12/oraclnt19c//precomp/admin/pcscfg.cfg

Compiling  sfo_gt_simtm ..................

Pro*C/C++: Release 19.0.0.0.0 - Production on Thu Aug 3 16:10:09 2023
Version 19.18.0.0.0

Copyright (c) 1982, 2023, Oracle and/or its affiliates.  All rights reserved.

System default option values taken from: /tuxdata/op_sbtg/tuxedo12/oraclnt19c//precomp/admin/pcscfg.cfg

Compiling  sfo_gt_sqrfp ..................

Pro*C/C++: Release 19.0.0.0.0 - Production on Thu Aug 3 16:10:09 2023
Version 19.18.0.0.0

Copyright (c) 1982, 2023, Oracle and/or its affiliates.  All rights reserved.

System default option values taken from: /tuxdata/op_sbtg/tuxedo12/oraclnt19c//precomp/admin/pcscfg.cfg

Compiling  sfo_gt_tmpordrc ..................

Pro*C/C++: Release 19.0.0.0.0 - Production on Thu Aug 3 16:10:10 2023
Version 19.18.0.0.0

Copyright (c) 1982, 2023, Oracle and/or its affiliates.  All rights reserved.

System default option values taken from: /tuxdata/op_sbtg/tuxedo12/oraclnt19c//precomp/admin/pcscfg.cfg

Compiling  sfo_gt_undrlyng ..................

Pro*C/C++: Release 19.0.0.0.0 - Production on Thu Aug 3 16:10:10 2023
Version 19.18.0.0.0

Copyright (c) 1982, 2023, Oracle and/or its affiliates.  All rights reserved.

System default option values taken from: /tuxdata/op_sbtg/tuxedo12/oraclnt19c//precomp/admin/pcscfg.cfg

Compiling  sfo_gteodmtm ..................

Pro*C/C++: Release 19.0.0.0.0 - Production on Thu Aug 3 16:10:11 2023
Version 19.18.0.0.0

Copyright (c) 1982, 2023, Oracle and/or its affiliates.  All rights reserved.

System default option values taken from: /tuxdata/op_sbtg/tuxedo12/oraclnt19c//precomp/admin/pcscfg.cfg

Compiling  sfo_hdg_calc ..................

Pro*C/C++: Release 19.0.0.0.0 - Production on Thu Aug 3 16:10:11 2023
Version 19.18.0.0.0

Copyright (c) 1982, 2023, Oracle and/or its affiliates.  All rights reserved.

System default option values taken from: /tuxdata/op_sbtg/tuxedo12/oraclnt19c//precomp/admin/pcscfg.cfg

Compiling  sfo_heckyl_find ............
Compiling  sfo_ialerts ..................

Pro*C/C++: Release 19.0.0.0.0 - Production on Thu Aug 3 16:10:13 2023
Version 19.18.0.0.0

Copyright (c) 1982, 2023, Oracle and/or its affiliates.  All rights reserved.

System default option values taken from: /tuxdata/op_sbtg/tuxedo12/oraclnt19c//precomp/admin/pcscfg.cfg

Compiling  sfo_jnt_sq_off ..................

Pro*C/C++: Release 19.0.0.0.0 - Production on Thu Aug 3 16:10:13 2023
Version 19.18.0.0.0

Copyright (c) 1982, 2023, Oracle and/or its affiliates.  All rights reserved.

System default option values taken from: /tuxdata/op_sbtg/tuxedo12/oraclnt19c//precomp/admin/pcscfg.cfg

Compiling  sfo_lmt_upd_log ..................

Pro*C/C++: Release 19.0.0.0.0 - Production on Thu Aug 3 16:10:14 2023
Version 19.18.0.0.0

Copyright (c) 1982, 2023, Oracle and/or its affiliates.  All rights reserved.

System default option values taken from: /tuxdata/op_sbtg/tuxedo12/oraclnt19c//precomp/admin/pcscfg.cfg

Compiling  sfo_mark_simtm ..................

Pro*C/C++: Release 19.0.0.0.0 - Production on Thu Aug 3 16:10:15 2023
Version 19.18.0.0.0

Copyright (c) 1982, 2023, Oracle and/or its affiliates.  All rights reserved.

System default option values taken from: /tuxdata/op_sbtg/tuxedo12/oraclnt19c//precomp/admin/pcscfg.cfg

